<?xml version="1.0" encoding="UTF-8"?>
<testng-results ignored="0" total="1" passed="1" failed="0" skipped="0">
  <reporter-output>
  </reporter-output>
  <suite started-at="2024-06-24T17:56:11 IST" name="Default suite" finished-at="2024-06-24T17:56:21 IST" duration-ms="9962">
    <groups>
    </groups>
    <test started-at="2024-06-24T17:56:11 IST" name="Default test" finished-at="2024-06-24T17:56:21 IST" duration-ms="9962">
      <class name="org_ST.CreateOrg_ST">
        <test-method signature="nameOrg()[pri:0, instance:org_ST.CreateOrg_ST@659499f1]" started-at="2024-06-24T17:56:12 IST" name="nameOrg" finished-at="2024-06-24T17:56:21 IST" duration-ms="9904" status="PASS">
          <reporter-output>
          </reporter-output>
        </test-method> <!-- nameOrg -->
      </class> <!-- org_ST.CreateOrg_ST -->
    </test> <!-- Default test -->
  </suite> <!-- Default suite -->
</testng-results>
